Using pre-set license
Built from '2020.2/release' branch; Version is '2020.2.4f1 (becced5a802b) revision 12504301'; Using compiler version '192528614'; Build Type 'Release'
OS: 'Windows 10 Home Single Language; OS build 18363.1379; Version 1909; 64bit' Language: 'ru' Physical Memory: 7103 MB
BatchMode: 1, IsHumanControllingUs: 0, StartBugReporterOnCrash: 0, Is64bit: 1, IsPro: 0

 COMMAND LINE ARGUMENTS:
D:\Unity\2020.2.4f1\Editor\Unity.exe
-adb2
-batchMode
-noUpm
-name
AssetImportWorker0
-projectPath
D:/Unity/Unity Projects/Plane
-logFile
Logs/AssetImportWorker0.log
-srvPort
59899
Successfully changed project path to: D:/Unity/Unity Projects/Plane
D:/Unity/Unity Projects/Plane
Using Asset Import Pipeline V2.
Refreshing native plugins compatible for Editor in 27.36 ms, found 0 plugins.
Preloading 0 native plugins for Editor in 0.00 ms.
Initialize engine version: 2020.2.4f1 (becced5a802b)
[Subsystems] Discovering subsystems at path D:/Unity/2020.2.4f1/Editor/Data/Resources/UnitySubsystems
[Subsystems] Discovering subsystems at path D:/Unity/Unity Projects/Plane/Assets
GfxDevice: creating device client; threaded=0
Direct3D:
    Version:  Direct3D 11.0 [level 11.1]
    Renderer: AMD Radeon(TM) Vega 8 Graphics (ID=0x15d8)
    Vendor:   
    VRAM:     3551 MB
    Driver:   27.20.14501.18003
Initialize mono
Mono path[0] = 'D:/Unity/2020.2.4f1/Editor/Data/Managed'
Mono path[1] = 'D:/Unity/2020.2.4f1/Editor/Data/MonoBleedingEdge/lib/mono/unityjit'
Mono config path = 'D:/Unity/2020.2.4f1/Editor/Data/MonoBleedingEdge/etc'
Using monoOptions --debugger-agent=transport=dt_socket,embedding=1,server=y,suspend=n,address=127.0.0.1:56184
Begin MonoManager ReloadAssembly
Registering precompiled unity dll's ...
Register platform support module: D:/Unity/2020.2.4f1/Editor/Data/PlaybackEngines/WindowsStandaloneSupport/UnityEditor.WindowsStandalone.Extensions.dll
Registered in 0.001168 seconds.
Native extension for WindowsStandalone target not found
Refreshing native plugins compatible for Editor in 26.13 ms, found 0 plugins.
Preloading 0 native plugins for Editor in 0.00 ms.
Invoked RoslynAnalysisRunner static constructor.
RoslynAnalysisRunner will not be running.
RoslynAnalysisRunner has terminated.
Mono: successfully reloaded assembly
- Completed reload, in  1.155 seconds
Platform modules already initialized, skipping
Registering precompiled user dll's ...
Registered in 0.000676 seconds.
Begin MonoManager ReloadAssembly
Native extension for WindowsStandalone target not found
Refreshing native plugins compatible for Editor in 0.39 ms, found 0 plugins.
Preloading 0 native plugins for Editor in 0.00 ms.
Invoked RoslynAnalysisRunner static constructor.
RoslynAnalysisRunner will not be running.
RoslynAnalysisRunner has terminated.
Mono: successfully reloaded assembly
- Completed reload, in  0.936 seconds
Platform modules already initialized, skipping
========================================================================
Worker process is ready to serve import requests
Launched and connected shader compiler UnityShaderCompiler.exe after 0.08 seconds
Refreshing native plugins compatible for Editor in 0.25 ms, found 0 plugins.
Preloading 0 native plugins for Editor in 0.00 ms.
Unloading 1107 Unused Serialized files (Serialized files now loaded: 0)
System memory in use before: 56.8 MB.
System memory in use after: 56.8 MB.

Unloading 10 unused Assets to reduce memory usage. Loaded Objects now: 1549.
Total: 2.404400 ms (FindLiveObjects: 0.208600 ms CreateObjectMapping: 0.043400 ms MarkObjects: 2.029300 ms  DeleteObjects: 0.121400 ms)

========================================================================
Received Import Request.
  path: Assets/Picture/R-13.jpeg
  artifactKey: Guid(a326d8ab445b9344baaf3a2ff2814345) Importer(815301076,1909f56bfc062723c751e8b465ee728b)
Start importing Assets/Picture/R-13.jpeg using Guid(a326d8ab445b9344baaf3a2ff2814345) Importer(815301076,1909f56bfc062723c751e8b465ee728b)  -> (artifact id: '839953eb4e7cf7e30f50a69a73f00f5f') in 0.102835 seconds
  Import took 0.105719 seconds .

========================================================================
Received Import Request.
  Time since last request: 29.063441 seconds.
  path: Assets/Picture/R-13.jpeg
  artifactKey: Guid(a326d8ab445b9344baaf3a2ff2814345) Importer(815301076,1909f56bfc062723c751e8b465ee728b)
Start importing Assets/Picture/R-13.jpeg using Guid(a326d8ab445b9344baaf3a2ff2814345) Importer(815301076,1909f56bfc062723c751e8b465ee728b)  -> (artifact id: '4bb3ccc89868c0e342b1908e4c1e90f1') in 0.067471 seconds
  Import took 0.070110 seconds .

========================================================================
Received Prepare
Refreshing native plugins compatible for Editor in 0.70 ms, found 0 plugins.
Preloading 0 native plugins for Editor in 0.00 ms.
Unloading 3 Unused Serialized files (Serialized files now loaded: 0)
System memory in use before: 38.0 MB.
System memory in use after: 38.1 MB.

Unloading 3 unused Assets to reduce memory usage. Loaded Objects now: 1556.
Total: 2.487800 ms (FindLiveObjects: 0.165100 ms CreateObjectMapping: 0.028300 ms MarkObjects: 2.225400 ms  DeleteObjects: 0.067700 ms)

========================================================================
Received Import Request.
  Time since last request: 92.930197 seconds.
  path: Assets/Picture/4413211.jpg
  artifactKey: Guid(fed4570e030a3544883d66a50c9af1cb) Importer(815301076,1909f56bfc062723c751e8b465ee728b)
Start importing Assets/Picture/4413211.jpg using Guid(fed4570e030a3544883d66a50c9af1cb) Importer(815301076,1909f56bfc062723c751e8b465ee728b)  -> (artifact id: '9291b211c85595b6cbbbe234d0843bf3') in 0.019242 seconds
  Import took 0.022565 seconds .

========================================================================
Received Import Request.
  Time since last request: 17.543346 seconds.
  path: Assets/Picture/4413211.jpg
  artifactKey: Guid(fed4570e030a3544883d66a50c9af1cb) Importer(815301076,1909f56bfc062723c751e8b465ee728b)
Start importing Assets/Picture/4413211.jpg using Guid(fed4570e030a3544883d66a50c9af1cb) Importer(815301076,1909f56bfc062723c751e8b465ee728b)  -> (artifact id: '25b0bbf94e9d0fad7da91953e6a745d3') in 0.030247 seconds
  Import took 0.033700 seconds .

========================================================================
Received Import Request.
  Time since last request: 16.031919 seconds.
  path: Assets/Scripts/Main_menu.cs
  artifactKey: Guid(f4b701a88690b2948839cf8cfc0827ae) Importer(815301076,1909f56bfc062723c751e8b465ee728b)
Start importing Assets/Scripts/Main_menu.cs using Guid(f4b701a88690b2948839cf8cfc0827ae) Importer(815301076,1909f56bfc062723c751e8b465ee728b)  -> (artifact id: '1ac946d2f8d6e70337cc7deb61177120') in 0.005101 seconds
  Import took 0.007867 seconds .

========================================================================
Received Prepare
Refreshing native plugins compatible for Editor in 1.19 ms, found 0 plugins.
Preloading 0 native plugins for Editor in 0.00 ms.
Unloading 3 Unused Serialized files (Serialized files now loaded: 0)
System memory in use before: 38.0 MB.
System memory in use after: 38.1 MB.

Unloading 3 unused Assets to reduce memory usage. Loaded Objects now: 1558.
Total: 3.016200 ms (FindLiveObjects: 0.211100 ms CreateObjectMapping: 0.036700 ms MarkObjects: 2.698300 ms  DeleteObjects: 0.068300 ms)

========================================================================
Received Prepare
Refreshing native plugins compatible for Editor in 0.67 ms, found 0 plugins.
Preloading 0 native plugins for Editor in 0.00 ms.
Unloading 3 Unused Serialized files (Serialized files now loaded: 0)
System memory in use before: 38.0 MB.
System memory in use after: 38.1 MB.

Unloading 3 unused Assets to reduce memory usage. Loaded Objects now: 1558.
Total: 2.990800 ms (FindLiveObjects: 0.216600 ms CreateObjectMapping: 0.041000 ms MarkObjects: 2.659300 ms  DeleteObjects: 0.072400 ms)

AssetImportWorkerClient::OnTransportError - code=2 error=End of file
